---  STARTING AUTOMATION: IDEMPOTENT SETUP ---
---  Step 1: Updating System (Safe Update)... ---
:: Synchronizing package databases...
 core downloading...
 extra downloading...
:: Starting full system upgrade...
 there is nothing to do
---  Step 1.5: Installing Core Documentation (man pages)... ---
warning: man-db-2.13.1-1 is up to date -- skipping
warning: man-pages-6.17-1 is up to date -- skipping
 there is nothing to do
---  Step 2: Installing Tools by CTF Categories... ---
[*] Installing Base & Dev tools...
warning: git-2.53.0-1 is up to date -- skipping
warning: base-devel-1-2 is up to date -- skipping
warning: code-1.109.5-1 is up to date -- skipping
warning: python-3.14.3-1 is up to date -- skipping
warning: python-pip-26.0.1-1 is up to date -- skipping
warning: fastfetch-2.59.0-1 is up to date -- skipping
warning: virtualbox-guest-utils-7.2.6-1 is up to date -- skipping
warning: docker-compose-5.0.2-1 is up to date -- skipping
 there is nothing to do
[*] Installing Web Security tools (Official Repos)...
warning: sqlmap-1.10.2-1 is up to date -- skipping
 there is nothing to do
[*] Installing Web Security tools (AUR - ffuf)...
[0;32m    ffuf is already installed. Skipping.[0m
[*] Installing Network Security tools...
warning: nmap-7.98-5 is up to date -- skipping
warning: wireshark-qt-4.6.4-1 is up to date -- skipping
warning: tcpdump-4.99.6-1 is up to date -- skipping
warning: bind-9.20.20-1 is up to date -- skipping
warning: openbsd-netcat-1.234_1-1 is up to date -- skipping
 there is nothing to do
[*] Installing Cryptography tools...
warning: john-1.9.0.jumbo1-12 is up to date -- skipping
warning: hashcat-1:7.1.2-2 is up to date -- skipping
 there is nothing to do
[*] Installing Software Security tools...
warning: gdb-17.1-2 is up to date -- skipping
warning: strace-6.19-1 is up to date -- skipping
warning: ltrace-0.7.3-6 is up to date -- skipping
warning: radare2-5.9.8-1 is up to date -- skipping
warning: binwalk-3.1.0-1 is up to date -- skipping
 there is nothing to do
[*] Installing Hardware Security tools...
warning: minicom-2.11-1 is up to date -- skipping
warning: flashrom-1.6.0-2 is up to date -- skipping
 there is nothing to do
---  Configuring Wireshark Permissions... ---
---  Step 3: Setting up Python Virtual Environment... ---
---  Installing Python tools in venv... ---
Requirement already satisfied: pip in ./venv/lib/python3.14/site-packages (26.0.1)
Requirement already satisfied: exrex in ./venv/lib/python3.14/site-packages (0.12.0)
Requirement already satisfied: rstr in ./venv/lib/python3.14/site-packages (3.2.2)
Collecting requests
  Using cached requests-2.32.5-py3-none-any.whl.metadata (4.9 kB)
Collecting scapy
  Using cached scapy-2.7.0-py3-none-any.whl.metadata (5.8 kB)
Collecting pwntools
  Using cached pwntools-4.15.0-py2.py3-none-any.whl.metadata (5.3 kB)
Collecting pycryptodome
  Using cached pycryptodome-3.23.0-cp37-abi3-manylinux_2_17_x86_64.manylinux2014_x86_64.whl.metadata (3.4 kB)
Collecting charset_normalizer<4,>=2 (from requests)
  Using cached charset_normalizer-3.4.4-cp314-cp314-manylinux2014_x86_64.manylinux_2_17_x86_64.manylinux_2_28_x86_64.whl.metadata (37 kB)
Collecting idna<4,>=2.5 (from requests)
  Using cached idna-3.11-py3-none-any.whl.metadata (8.4 kB)
Collecting urllib3<3,>=1.21.1 (from requests)
  Using cached urllib3-2.6.3-py3-none-any.whl.metadata (6.9 kB)
Collecting certifi>=2017.4.17 (from requests)
  Using cached certifi-2026.2.25-py3-none-any.whl.metadata (2.5 kB)
Collecting paramiko>=1.15.2 (from pwntools)
  Using cached paramiko-4.0.0-py3-none-any.whl.metadata (3.9 kB)
Collecting mako>=1.0.0 (from pwntools)
  Using cached mako-1.3.10-py3-none-any.whl.metadata (2.9 kB)
Collecting pyelftools>=0.29 (from pwntools)
  Using cached pyelftools-0.32-py3-none-any.whl.metadata (372 bytes)
Collecting capstone>=3.0.5rc2 (from pwntools)
  Using cached capstone-6.0.0a7-cp38-abi3-manylinux2014_x86_64.manylinux_2_17_x86_64.manylinux_2_28_x86_64.whl.metadata (3.6 kB)
Collecting ropgadget>=5.3 (from pwntools)
  Using cached ropgadget-7.7-py3-none-any.whl.metadata (1.0 kB)
Collecting pyserial>=2.7 (from pwntools)
  Using cached pyserial-3.5-py2.py3-none-any.whl.metadata (1.6 kB)
Requirement already satisfied: pip>=6.0.8 in ./venv/lib/python3.14/site-packages (from pwntools) (26.0.1)
Collecting pygments>=2.0 (from pwntools)
  Using cached pygments-2.19.2-py3-none-any.whl.metadata (2.5 kB)
Collecting pysocks (from pwntools)
  Using cached PySocks-1.7.1-py3-none-any.whl.metadata (13 kB)
Collecting python-dateutil (from pwntools)
  Using cached python_dateutil-2.9.0.post0-py2.py3-none-any.whl.metadata (8.4 kB)
Collecting packaging (from pwntools)
  Using cached packaging-26.0-py3-none-any.whl.metadata (3.3 kB)
Collecting psutil>=3.3.0 (from pwntools)
  Using cached psutil-7.2.2-cp36-abi3-manylinux2010_x86_64.manylinux_2_12_x86_64.manylinux_2_28_x86_64.whl.metadata (22 kB)
Collecting intervaltree>=3.0 (from pwntools)
  Using cached intervaltree-3.2.1-py2.py3-none-any.whl.metadata (12 kB)
Collecting sortedcontainers (from pwntools)
  Using cached sortedcontainers-2.4.0-py2.py3-none-any.whl.metadata (10 kB)
Collecting unicorn!=2.1.3,!=2.1.4,>=2.0.1 (from pwntools)
  Using cached unicorn-2.1.2.tar.gz (2.9 MB)
  Installing build dependencies: started
  Installing build dependencies: finished with status 'done'
  Getting requirements to build wheel: started
  Getting requirements to build wheel: finished with status 'done'
  Preparing metadata (pyproject.toml): started
  Preparing metadata (pyproject.toml): finished with status 'done'
Collecting six>=1.12.0 (from pwntools)
  Using cached six-1.17.0-py2.py3-none-any.whl.metadata (1.7 kB)
Collecting rpyc (from pwntools)
  Using cached rpyc-6.0.2-py3-none-any.whl.metadata (3.5 kB)
Collecting colored_traceback (from pwntools)
  Using cached colored_traceback-0.4.2-py3-none-any.whl.metadata (4.6 kB)
Collecting unix-ar (from pwntools)
  Using cached unix_ar-0.2.1-py2.py3-none-any.whl.metadata (1.9 kB)
Collecting zstandard (from pwntools)
  Using cached zstandard-0.25.0-cp314-cp314-manylinux2014_x86_64.manylinux_2_17_x86_64.manylinux_2_28_x86_64.whl.metadata (3.3 kB)
Collecting MarkupSafe>=0.9.2 (from mako>=1.0.0->pwntools)
  Using cached markupsafe-3.0.3-cp314-cp314-manylinux2014_x86_64.manylinux_2_17_x86_64.manylinux_2_28_x86_64.whl.metadata (2.7 kB)
Collecting bcrypt>=3.2 (from paramiko>=1.15.2->pwntools)
  Using cached bcrypt-5.0.0-cp39-abi3-manylinux_2_34_x86_64.whl.metadata (10 kB)
Collecting cryptography>=3.3 (from paramiko>=1.15.2->pwntools)
  Using cached cryptography-46.0.5-cp311-abi3-manylinux_2_34_x86_64.whl.metadata (5.7 kB)
Collecting invoke>=2.0 (from paramiko>=1.15.2->pwntools)
  Using cached invoke-2.2.1-py3-none-any.whl.metadata (3.3 kB)
Collecting pynacl>=1.5 (from paramiko>=1.15.2->pwntools)
  Using cached pynacl-1.6.2-cp38-abi3-manylinux_2_34_x86_64.whl.metadata (10.0 kB)
Collecting cffi>=2.0.0 (from cryptography>=3.3->paramiko>=1.15.2->pwntools)
  Using cached cffi-2.0.0-cp314-cp314-manylinux2014_x86_64.manylinux_2_17_x86_64.whl.metadata (2.6 kB)
Collecting pycparser (from cffi>=2.0.0->cryptography>=3.3->paramiko>=1.15.2->pwntools)
  Using cached pycparser-3.0-py3-none-any.whl.metadata (8.2 kB)
Collecting plumbum (from rpyc->pwntools)
  Using cached plumbum-1.10.0-py3-none-any.whl.metadata (8.4 kB)
Using cached requests-2.32.5-py3-none-any.whl (64 kB)
Using cached charset_normalizer-3.4.4-cp314-cp314-manylinux2014_x86_64.manylinux_2_17_x86_64.manylinux_2_28_x86_64.whl (152 kB)
Using cached idna-3.11-py3-none-any.whl (71 kB)
Using cached urllib3-2.6.3-py3-none-any.whl (131 kB)
Using cached scapy-2.7.0-py3-none-any.whl (2.6 MB)
Using cached pwntools-4.15.0-py2.py3-none-any.whl (12.9 MB)
Using cached pycryptodome-3.23.0-cp37-abi3-manylinux_2_17_x86_64.manylinux2014_x86_64.whl (2.3 MB)
Using cached capstone-6.0.0a7-cp38-abi3-manylinux2014_x86_64.manylinux_2_17_x86_64.manylinux_2_28_x86_64.whl (2.5 MB)
Using cached certifi-2026.2.25-py3-none-any.whl (153 kB)
Using cached intervaltree-3.2.1-py2.py3-none-any.whl (25 kB)
Using cached mako-1.3.10-py3-none-any.whl (78 kB)
Using cached markupsafe-3.0.3-cp314-cp314-manylinux2014_x86_64.manylinux_2_17_x86_64.manylinux_2_28_x86_64.whl (23 kB)
Using cached paramiko-4.0.0-py3-none-any.whl (223 kB)
Using cached bcrypt-5.0.0-cp39-abi3-manylinux_2_34_x86_64.whl (278 kB)
Using cached cryptography-46.0.5-cp311-abi3-manylinux_2_34_x86_64.whl (4.5 MB)
Using cached cffi-2.0.0-cp314-cp314-manylinux2014_x86_64.manylinux_2_17_x86_64.whl (219 kB)
Using cached invoke-2.2.1-py3-none-any.whl (160 kB)
Using cached psutil-7.2.2-cp36-abi3-manylinux2010_x86_64.manylinux_2_12_x86_64.manylinux_2_28_x86_64.whl (155 kB)
Using cached pyelftools-0.32-py3-none-any.whl (188 kB)
Using cached pygments-2.19.2-py3-none-any.whl (1.2 MB)
Using cached pynacl-1.6.2-cp38-abi3-manylinux_2_34_x86_64.whl (1.4 MB)
Using cached pyserial-3.5-py2.py3-none-any.whl (90 kB)
Using cached ropgadget-7.7-py3-none-any.whl (32 kB)
Using cached six-1.17.0-py2.py3-none-any.whl (11 kB)
Using cached colored_traceback-0.4.2-py3-none-any.whl (5.5 kB)
Using cached packaging-26.0-py3-none-any.whl (74 kB)
Using cached pycparser-3.0-py3-none-any.whl (48 kB)
Using cached PySocks-1.7.1-py3-none-any.whl (16 kB)
Using cached python_dateutil-2.9.0.post0-py2.py3-none-any.whl (229 kB)
Using cached rpyc-6.0.2-py3-none-any.whl (74 kB)
Using cached plumbum-1.10.0-py3-none-any.whl (127 kB)
Using cached sortedcontainers-2.4.0-py2.py3-none-any.whl (29 kB)
Using cached unix_ar-0.2.1-py2.py3-none-any.whl (6.5 kB)
Using cached zstandard-0.25.0-cp314-cp314-manylinux2014_x86_64.manylinux_2_17_x86_64.manylinux_2_28_x86_64.whl (5.6 MB)
Building wheels for collected packages: unicorn
  Building wheel for unicorn (pyproject.toml): started
  Building wheel for unicorn (pyproject.toml): finished with status 'error'
  error: subprocess-exited-with-error
  
  × Building wheel for unicorn (pyproject.toml) did not run successfully.
  │ exit code: 1
  ╰─> [45 lines of output]
      /tmp/pip-build-env-28gri0_m/overlay/lib/python3.14/site-packages/setuptools/config/_apply_pyprojecttoml.py:82: SetuptoolsDeprecationWarning: `project.license` as a TOML table is deprecated
      !!
      
              ********************************************************************************
              Please use a simple string containing a SPDX expression for `project.license`. You can also use `project.license-files`. (Both options available on setuptools>=77.0.0).
      
              By 2027-Feb-18, you need to update your project and remove deprecated calls
              or your builds will no longer be supported.
      
              See https://packaging.python.org/en/latest/guides/writing-pyproject-toml/#license for details.
              ********************************************************************************
      
      !!
        corresp(dist, value, root_dir)
      /tmp/pip-build-env-28gri0_m/overlay/lib/python3.14/site-packages/setuptools/config/_apply_pyprojecttoml.py:61: SetuptoolsDeprecationWarning: License classifiers are deprecated.
      !!
      
              ********************************************************************************
              Please consider removing the following classifiers in favor of a SPDX license expression:
      
              License :: OSI Approved :: BSD License
      
              See https://packaging.python.org/en/latest/guides/writing-pyproject-toml/#license for details.
              ********************************************************************************
      
      !!
        dist._finalize_license_expression()
      /tmp/pip-build-env-28gri0_m/overlay/lib/python3.14/site-packages/setuptools/dist.py:765: SetuptoolsDeprecationWarning: License classifiers are deprecated.
      !!
      
              ********************************************************************************
              Please consider removing the following classifiers in favor of a SPDX license expression:
      
              License :: OSI Approved :: BSD License
      
              See https://packaging.python.org/en/latest/guides/writing-pyproject-toml/#license for details.
              ********************************************************************************
      
      !!
        self._finalize_license_expression()
      running bdist_wheel
      running build
      running build_py
      Building C extensions
      error: [Errno 2] No such file or directory: 'cmake'
      [end of output]
  
  note: This error originates from a subprocess, and is likely not a problem with pip.
  ERROR: Failed building wheel for unicorn
Failed to build unicorn
error: failed-wheel-build-for-install

× Failed to build installable wheels for some pyproject.toml based projects
╰─> unicorn

[0;31m[!] CRITICAL ERROR: Automation aborted. Something broke! Check the log file: setup_error.log[0m

